<?xml version="1.0" encoding="utf-8" standalone="no"?>
<!--This file represents the results of running a test suite-->
<test-results name="E:\4 Shaz Only\UBSTest\UBSTest\bin\Debug\UBSTest.exe" total="6" errors="0" failures="0" not-run="0" inconclusive="0" ignored="0" skipped="0" invalid="0" date="2014-07-22" time="01:10:52">
  <environment nunit-version="2.6.3.13283" clr-version="2.0.50727.4247" os-version="Microsoft Windows NT 6.0.6002 Service Pack 2" platform="Win32NT" cwd="C:\Program Files\NUnit 2.6.3\bin" machine-name="SHAZ-PC" user="Shaz" user-domain="Shaz-PC" />
  <culture-info current-culture="en-GB" current-uiculture="en-US" />
  <test-suite type="Assembly" name="E:\4 Shaz Only\UBSTest\UBSTest\bin\Debug\UBSTest.exe" executed="True" result="Success" success="True" time="0.069" asserts="0">
    <results>
      <test-suite type="Namespace" name="UBSTest" executed="True" result="Success" success="True" time="0.060" asserts="0">
        <results>
          <test-suite type="TestFixture" name="WordsCounterTests" executed="True" result="Success" success="True" time="0.058" asserts="0">
            <results>
              <test-case name="UBSTest.WordsCounterTests.EmptyInputTest" executed="True" result="Success" success="True" time="0.018" asserts="0" />
              <test-case name="UBSTest.WordsCounterTests.InputWithNewLineTest" executed="True" result="Success" success="True" time="0.011" asserts="6" />
              <test-case name="UBSTest.WordsCounterTests.InvalidInputTest" executed="True" result="Success" success="True" time="0.003" asserts="0" />
              <test-case name="UBSTest.WordsCounterTests.OnlyInvalidCharsTest" executed="True" result="Success" success="True" time="0.000" asserts="1" />
              <test-case name="UBSTest.WordsCounterTests.SingleCharTest" executed="True" result="Success" success="True" time="0.001" asserts="3" />
              <test-case name="UBSTest.WordsCounterTests.ValidInputTest" executed="True" result="Success" success="True" time="0.001" asserts="6" />
            </results>
          </test-suite>
        </results>
      </test-suite>
    </results>
  </test-suite>
</test-results>